Arguments: 
  /usr/local/bin/node /usr/local/Cellar/yarn/1.22.4/libexec/bin/yarn.js add eslint --save-dev

PATH: 
  /usr/local/bin:/usr/bin:/bin:/usr/sbin:/sbin

Yarn version: 
  1.22.4

Node version: 
  12.18.2

Platform: 
  darwin x64

Trace: 
  Error: EINVAL: invalid argument, mkdir '/Users/huanglihao/learn/express-react/myblog/node_modules/to-regex/node_modules'

npm manifest: 
  {
    "name": "myblog",
    "version": "0.1.0",
    "private": true,
    "scripts": {
      "start": "node bin/www",
      "dev": "./node_modules/.bin/nodemon bin/www",
      "prd": "pm2 start bin/www",
      "test": "echo \"Error: no test specified\" && exit 1"
    },
    "dependencies": {
      "debug": "^4.1.1",
      "ejs": "~2.3.3",
      "koa": "^2.7.0",
      "koa-bodyparser": "^4.2.1",
      "koa-convert": "^1.2.0",
      "koa-generic-session": "^2.0.4",
      "koa-json": "^2.0.2",
      "koa-logger": "^3.2.0",
      "koa-onerror": "^4.1.0",
      "koa-router": "^7.4.0",
      "koa-static": "^5.0.0",
      "koa-views": "^6.2.0",
      "koa2-cors": "^2.0.6",
      "mysql2": "^2.1.0",
      "sequelize": "^6.3.3"
    },
    "devDependencies": {
      "nodemon": "^1.19.1"
    }
  }

yarn manifest: 
  No manifest

Lockfile: 
  No lockfile
